2026-01-22 11:14:01,684 - Main - INFO - Starting Timesheet Automation Service v2.1
2026-01-22 11:14:01,688 - Main - INFO - Configuration loaded from C:\Users\acer\Desktop\proyectos_intelix\xtiming_automatizacion\timesheet_service\config.json
2026-01-22 11:14:01,689 - TimeManager - INFO - Iniciando nuevo ciclo diario (Estado reseteado).
2026-01-22 11:14:01,690 - Scheduler - INFO - Scheduler iniciado. Esperando tareas...
2026-01-22 11:14:01,691 - Scheduler - INFO - Ejecutando Rutina A (Procesamiento de Tickets)...
2026-01-22 11:14:01,946 - mysql.connector - INFO - package: mysql.connector.plugins
2026-01-22 11:14:01,948 - mysql.connector - INFO - plugin_name: mysql_native_password
2026-01-22 11:14:01,962 - mysql.connector - INFO - AUTHENTICATION_PLUGIN_CLASS: MySQLNativePasswordAuthPlugin
2026-01-22 11:14:24,448 - WebBot - INFO - Iniciando sesiÛn para usuario oleon@intelix.biz...
2026-01-22 11:14:27,676 - WebBot - INFO - Login exitoso.
2026-01-22 11:14:27,677 - WebBot - INFO - Registrando: Fwd: Solicitud de Privilegios para cambio de tasa en Registro en CP - Cofersa [22.01.2026 08:30 - 22.01.2026 09:00]
2026-01-22 11:14:35,545 - WebBot - ERROR - No se redireccionÛ tras guardar. Posible error de validaciÛn.
2026-01-22 11:14:36,196 - Scheduler - WARNING - Fallo lÛgico al registrar ticket 2601210188
2026-01-22 11:14:37,627 - WebBot - INFO - Iniciando sesiÛn para usuario oleon@intelix.biz...
2026-01-22 11:14:40,786 - WebBot - INFO - Login exitoso.
2026-01-22 11:14:40,787 - WebBot - INFO - Registrando: Usuario Khai Mirely GutiÈrrez [22.01.2026 09:00 - 22.01.2026 09:30]
2026-01-22 11:14:48,451 - WebBot - ERROR - No se redireccionÛ tras guardar. Posible error de validaciÛn.
2026-01-22 11:14:48,977 - Scheduler - WARNING - Fallo lÛgico al registrar ticket 2601210205
2026-01-22 11:14:50,132 - WebBot - INFO - Iniciando sesiÛn para usuario oleon@intelix.biz...
2026-01-22 11:14:54,058 - WebBot - INFO - Login exitoso.
2026-01-22 11:14:54,059 - WebBot - INFO - Registrando: CÛdigo externo mal asociado 0946004 BANCO DOS PELDANOS [22.01.2026 09:30 - 22.01.2026 10:00]
2026-01-22 11:15:01,863 - WebBot - ERROR - No se redireccionÛ tras guardar. Posible error de validaciÛn.
2026-01-22 11:15:02,581 - Scheduler - WARNING - Fallo lÛgico al registrar ticket 2601210245
2026-01-22 11:15:03,892 - WebBot - INFO - Iniciando sesiÛn para usuario oleon@intelix.biz...
2026-01-22 11:15:07,283 - WebBot - INFO - Login exitoso.
2026-01-22 11:15:07,284 - WebBot - INFO - Registrando: Desbloquear usuario windows  [22.01.2026 10:00 - 22.01.2026 10:30]
2026-01-22 11:15:15,071 - WebBot - ERROR - No se redireccionÛ tras guardar. Posible error de validaciÛn.
2026-01-22 11:15:15,668 - Scheduler - WARNING - Fallo lÛgico al registrar ticket 2601210228
2026-01-22 11:15:16,815 - WebBot - INFO - Iniciando sesiÛn para usuario oleon@intelix.biz...
2026-01-22 11:15:18,701 - WebBot - ERROR - ExcepciÛn durante login: Page.fill: Target page, context or browser has been closed
Call log:
  - waiting for locator("input[name='_username']")
    - locator resolved to <input value="" type="text" name="_username" class="form-control" placeholder="Nombre de usuario"/>
    - fill("oleon@intelix.biz")
  - attempting fill action
    - waiting for element to be visible, enabled and editable

2026-01-22 11:15:18,702 - WebBot - ERROR - Error en automatizaciÛn web: Page.fill: Target page, context or browser has been closed
Call log:
  - waiting for locator("input[name='_username']")
    - locator resolved to <input value="" type="text" name="_username" class="form-control" placeholder="Nombre de usuario"/>
    - fill("oleon@intelix.biz")
  - attempting fill action
    - waiting for element to be visible, enabled and editable

2026-01-22 11:15:19,220 - Scheduler - WARNING - Fallo lÛgico al registrar ticket 2601210199
2026-01-22 11:15:19,417 - Main - INFO - Service stopped by user.
2026-01-22 11:15:19,451 - asyncio - ERROR - Task was destroyed but it is pending!
task: <Task pending name='Task-233' coro=<Connection.run.<locals>.init() done, defined at C:\Users\acer\AppData\Roaming\Python\Python314\site-packages\playwright\_impl\_connection.py:309> wait_for=<Future pending cb=[Task.task_wakeup()]> cb=[ProtocolCallback.__init__.<locals>.cb() at C:\Users\acer\AppData\Roaming\Python\Python314\site-packages\playwright\_impl\_connection.py:230]>
2026-01-23 13:32:41,469 - Main - INFO - Starting Timesheet Automation Service v2.1
2026-01-23 13:32:41,471 - Main - INFO - Configuration loaded from C:\Users\acer\Desktop\proyectos_intelix\xtiming_automatizacion\timesheet_service\config.json
2026-01-23 13:32:41,472 - TimeManager - INFO - Iniciando nuevo ciclo diario (Estado reseteado).
2026-01-23 13:32:41,473 - Scheduler - INFO - Scheduler iniciado. Esperando tareas...
2026-01-23 13:32:41,474 - Scheduler - INFO - Ejecutando Rutina A (Procesamiento de Tickets)...
2026-01-23 13:32:41,657 - mysql.connector - INFO - package: mysql.connector.plugins
2026-01-23 13:32:41,658 - mysql.connector - INFO - plugin_name: mysql_native_password
2026-01-23 13:32:41,663 - mysql.connector - INFO - AUTHENTICATION_PLUGIN_CLASS: MySQLNativePasswordAuthPlugin
2026-01-23 13:33:05,845 - WebBot - INFO - Iniciando sesiÛn para usuario oleon@intelix.biz...
2026-01-23 13:33:08,712 - WebBot - INFO - Login exitoso.
2026-01-23 13:33:08,713 - WebBot - INFO - Registrando: Ventas si replicar [23.01.2026 08:30 - 23.01.2026 09:00]
2026-01-23 13:33:16,143 - WebBot - ERROR - No se redireccionÛ tras guardar. Posible error de validaciÛn.
2026-01-23 13:33:16,667 - Scheduler - WARNING - Fallo lÛgico al registrar ticket 2601220235
2026-01-23 13:35:05,248 - Main - INFO - Service stopped by user.
2026-01-23 13:38:00,257 - Main - INFO - Starting Timesheet Automation Service v2.1
2026-01-23 13:38:00,257 - Main - INFO - Configuration loaded from C:\Users\acer\Desktop\proyectos_intelix\xtiming_automatizacion\timesheet_service\config.json
2026-01-23 13:38:00,258 - TimeManager - INFO - Restaurando estado de sesiÛn anterior del mismo dÌa.
2026-01-23 13:38:00,258 - Scheduler - INFO - Scheduler iniciado. Esperando tareas...
2026-01-23 13:38:00,258 - Scheduler - INFO - Ejecutando Rutina A (Procesamiento de Tickets)...
2026-01-23 13:38:00,480 - mysql.connector - INFO - package: mysql.connector.plugins
2026-01-23 13:38:00,481 - mysql.connector - INFO - plugin_name: mysql_native_password
2026-01-23 13:38:00,484 - mysql.connector - INFO - AUTHENTICATION_PLUGIN_CLASS: MySQLNativePasswordAuthPlugin
2026-01-23 13:38:03,288 - WebBot - INFO - Iniciando sesiÛn para usuario oleon@intelix.biz...
2026-01-23 13:38:06,031 - WebBot - INFO - Login exitoso.
2026-01-23 13:38:06,032 - WebBot - INFO - Registrando: Ventas si replicar [23.01.2026 09:00 - 23.01.2026 09:30]
2026-01-23 13:38:13,483 - WebBot - ERROR - No se redireccionÛ tras guardar. Posible error de validaciÛn.
2026-01-23 13:38:48,171 - Scheduler - ERROR - ExcepciÛn procesando ticket 2601220235: Browser.close: Connection closed while reading from the driver
Traceback (most recent call last):
  File "C:\Users\acer\Desktop\proyectos_intelix\xtiming_automatizacion\timesheet_service\scheduler_service.py", line 108, in routine_a
    success = self.bot.fill_timesheet_entry(item)
  File "C:\Users\acer\Desktop\proyectos_intelix\xtiming_automatizacion\timesheet_service\web_automator.py", line 145, in fill_timesheet_entry
    browser.close()
    ~~~~~~~~~~~~~^^
  File "C:\Users\acer\AppData\Roaming\Python\Python314\site-packages\playwright\sync_api\_generated.py", line 14335, in close
    return mapping.from_maybe_impl(self._sync(self._impl_obj.close(reason=reason)))
                                   ~~~~~~~~~~^^^^^^^^^^^^^^^^^^^^^^^^^^^^^^^^^^^^^
  File "C:\Users\acer\AppData\Roaming\Python\Python314\site-packages\playwright\_impl\_sync_base.py", line 115, in _sync
    return task.result()
           ~~~~~~~~~~~^^
  File "C:\Users\acer\AppData\Roaming\Python\Python314\site-packages\playwright\_impl\_browser.py", line 241, in close
    raise e
  File "C:\Users\acer\AppData\Roaming\Python\Python314\site-packages\playwright\_impl\_browser.py", line 238, in close
    await self._channel.send("close", None, {"reason": reason})
  File "C:\Users\acer\AppData\Roaming\Python\Python314\site-packages\playwright\_impl\_connection.py", line 69, in send
    return await self._connection.wrap_api_call(
           ^^^^^^^^^^^^^^^^^^^^^^^^^^^^^^^^^^^^^
    ...<3 lines>...
    )
    ^
  File "C:\Users\acer\AppData\Roaming\Python\Python314\site-packages\playwright\_impl\_connection.py", line 559, in wrap_api_call
    raise rewrite_error(error, f"{parsed_st['apiName']}: {error}") from None
Exception: Browser.close: Connection closed while reading from the driver
2026-01-23 13:38:50,207 - Main - INFO - Service stopped by user.
2026-01-23 13:40:16,126 - Main - INFO - Starting Timesheet Automation Service v2.1
2026-01-23 13:40:16,126 - Main - INFO - Configuration loaded from C:\Users\acer\Desktop\proyectos_intelix\xtiming_automatizacion\timesheet_service\config.json
2026-01-23 13:40:16,138 - TimeManager - INFO - Restaurando estado de sesi√≥n anterior del mismo d√≠a.
2026-01-23 13:40:16,139 - Scheduler - INFO - Scheduler iniciado. Esperando tareas...
2026-01-23 13:40:16,140 - Scheduler - INFO - Ejecutando Rutina A (Procesamiento de Tickets)...
2026-01-23 13:40:16,310 - mysql.connector - INFO - package: mysql.connector.plugins
2026-01-23 13:40:16,311 - mysql.connector - INFO - plugin_name: mysql_native_password
2026-01-23 13:40:16,312 - mysql.connector - INFO - AUTHENTICATION_PLUGIN_CLASS: MySQLNativePasswordAuthPlugin
2026-01-23 13:40:17,995 - WebBot - INFO - Iniciando sesi√≥n para usuario oleon@intelix.biz...
2026-01-23 13:40:21,023 - WebBot - INFO - Login exitoso.
2026-01-23 13:40:21,024 - WebBot - INFO - Registrando: Ventas si replicar [23.01.2026 09:30 - 23.01.2026 10:00]
2026-01-23 13:40:29,850 - WebBot - ERROR - No se redireccion√≥ tras guardar. Posible error de validaci√≥n.
2026-01-23 13:40:29,851 - WebBot - WARNING - !!! DEPURACION: El navegador permanecer√° abierto 60 segundos. POR FAVOR MIRA LA PANTALLA Y REVISA QUE CAMPO ESTA EN ROJO.
2026-01-23 13:41:24,841 - Main - INFO - Service stopped by user.
2026-01-23 13:41:24,874 - asyncio - ERROR - Future exception was never retrieved
future: <Future finished exception=TargetClosedError('Target page, context or browser has been closed')>
playwright._impl._errors.TargetClosedError: Target page, context or browser has been closed
2026-01-23 13:43:18,271 - Main - INFO - Starting Timesheet Automation Service v2.1
2026-01-23 13:43:18,271 - Main - INFO - Configuration loaded from C:\Users\acer\Desktop\proyectos_intelix\xtiming_automatizacion\timesheet_service\config.json
2026-01-23 13:43:18,299 - TimeManager - INFO - Restaurando estado de sesi√≥n anterior del mismo d√≠a.
2026-01-23 13:43:18,301 - Scheduler - INFO - Scheduler iniciado. Esperando tareas...
2026-01-23 13:43:18,301 - Scheduler - INFO - Ejecutando Rutina A (Procesamiento de Tickets)...
2026-01-23 13:43:18,519 - mysql.connector - INFO - package: mysql.connector.plugins
2026-01-23 13:43:18,520 - mysql.connector - INFO - plugin_name: mysql_native_password
2026-01-23 13:43:18,524 - mysql.connector - INFO - AUTHENTICATION_PLUGIN_CLASS: MySQLNativePasswordAuthPlugin
2026-01-23 13:43:19,971 - WebBot - INFO - Iniciando sesi√≥n para usuario oleon@intelix.biz...
2026-01-23 13:43:22,491 - WebBot - INFO - Login exitoso.
2026-01-23 13:43:22,492 - WebBot - INFO - Registrando: Ventas si replicar [23.01.2026 10:00 - 23.01.2026 10:30]
2026-01-23 13:43:36,052 - WebBot - WARNING - No se pudo hacer click en opci√≥n para 'Caja Registradora', intentando Enter.
2026-01-23 13:43:39,569 - WebBot - ERROR - No se redireccion√≥ tras guardar. Posible error de validaci√≥n.
2026-01-23 13:43:39,570 - WebBot - WARNING - !!! DEPURACION: El navegador permanecer√° abierto 60 segundos. POR FAVOR MIRA LA PANTALLA Y REVISA QUE CAMPO ESTA EN ROJO.
2026-01-23 13:44:00,656 - Scheduler - ERROR - Excepci√≥n procesando ticket 2601220235: Browser.close: Connection closed while reading from the driver
Traceback (most recent call last):
  File "C:\Users\acer\Desktop\proyectos_intelix\xtiming_automatizacion\timesheet_service\scheduler_service.py", line 108, in routine_a
    success = self.bot.fill_timesheet_entry(item)
  File "C:\Users\acer\Desktop\proyectos_intelix\xtiming_automatizacion\timesheet_service\web_automator.py", line 160, in fill_timesheet_entry
    browser.close()
    ~~~~~~~~~~~~~^^
  File "C:\Users\acer\AppData\Roaming\Python\Python314\site-packages\playwright\sync_api\_generated.py", line 14335, in close
    return mapping.from_maybe_impl(self._sync(self._impl_obj.close(reason=reason)))
                                   ~~~~~~~~~~^^^^^^^^^^^^^^^^^^^^^^^^^^^^^^^^^^^^^
  File "C:\Users\acer\AppData\Roaming\Python\Python314\site-packages\playwright\_impl\_sync_base.py", line 115, in _sync
    return task.result()
           ~~~~~~~~~~~^^
  File "C:\Users\acer\AppData\Roaming\Python\Python314\site-packages\playwright\_impl\_browser.py", line 241, in close
    raise e
  File "C:\Users\acer\AppData\Roaming\Python\Python314\site-packages\playwright\_impl\_browser.py", line 238, in close
    await self._channel.send("close", None, {"reason": reason})
  File "C:\Users\acer\AppData\Roaming\Python\Python314\site-packages\playwright\_impl\_connection.py", line 69, in send
    return await self._connection.wrap_api_call(
           ^^^^^^^^^^^^^^^^^^^^^^^^^^^^^^^^^^^^^
    ...<3 lines>...
    )
    ^
  File "C:\Users\acer\AppData\Roaming\Python\Python314\site-packages\playwright\_impl\_connection.py", line 559, in wrap_api_call
    raise rewrite_error(error, f"{parsed_st['apiName']}: {error}") from None
Exception: Browser.close: Connection closed while reading from the driver
2026-01-23 13:44:02,119 - Main - INFO - Service stopped by user.
2026-01-30 16:11:19,372 - Main - INFO - Iniciando servicio con config.json...
2026-01-30 16:11:19,374 - Main - INFO - Modo manual activado: Se ejecutar√°n todas las tareas inmediatamente.
2026-01-30 16:11:19,375 - Scheduler - INFO - Scheduler iniciado (Modo Batch). Esperando tareas...
2026-01-30 16:11:19,375 - Scheduler - INFO - Ejecutando Rutina A (Recolecci√≥n de Tickets)...
2026-01-30 16:11:19,577 - mysql.connector - INFO - package: mysql.connector.plugins
2026-01-30 16:11:19,578 - mysql.connector - INFO - plugin_name: mysql_native_password
2026-01-30 16:11:19,581 - mysql.connector - INFO - AUTHENTICATION_PLUGIN_CLASS: MySQLNativePasswordAuthPlugin
2026-01-30 16:11:40,399 - Scheduler - INFO - Tickets encontrados ya estaban en cola o procesados.
2026-01-30 16:11:40,399 - Scheduler - INFO - FORZANDO EJECUCI√ìN INMEDIATA (Argumento --now detectado)
2026-01-30 16:11:40,400 - Scheduler - INFO - Ejecutando Rutina B (Procesamiento Batch - 18:00)...
2026-01-30 16:11:40,401 - TimeManager - INFO - Redistribuyendo 480 min entre 2 tickets: 240 min base + 0 min de residuo.
2026-01-30 16:11:40,402 - Scheduler - INFO - Procesando lote final de 2 tickets...
2026-01-30 16:11:41,641 - WebBot - INFO - Iniciando navegador...
2026-01-30 16:11:44,498 - WebBot - INFO - Iniciando sesi√≥n para usuario oleon@intelix.biz...
2026-01-30 16:11:50,056 - WebBot - INFO - Login exitoso.
2026-01-30 16:11:50,057 - WebBot - INFO - Registrando: Articulo no pasa por codigo externo [30.01.2026 08:30 - 30.01.2026 13:30]
2026-01-30 16:11:53,872 - WebBot - INFO - Entrada registrada con √©xito.
2026-01-30 16:11:53,876 - Scheduler - INFO - Registrado: Articulo no pasa por codigo externo (240m)
2026-01-30 16:11:53,876 - WebBot - INFO - Registrando: Diferencia en Conciliaci√≥n 26-01-2026 [30.01.2026 13:30 - 30.01.2026 17:30]
2026-01-30 16:11:57,558 - WebBot - INFO - Entrada registrada con √©xito.
2026-01-30 16:11:57,561 - Scheduler - INFO - Registrado: Diferencia en Conciliaci√≥n 26-01-2026 (240m)
2026-01-30 16:11:58,628 - WebBot - INFO - Cerrando navegador...
2026-01-30 16:13:28,089 - Main - INFO - Service stopped by user.
2026-01-30 16:20:11,969 - Main - INFO - Iniciando servicio con config.json...
2026-01-30 16:20:11,969 - Main - INFO - Modo manual activado: Se ejecutar√°n todas las tareas inmediatamente.
2026-01-30 16:20:11,970 - TimeManager - INFO - Loaded 2 processed tickets.
2026-01-30 16:20:11,971 - Scheduler - INFO - Scheduler iniciado (Modo Batch). Esperando tareas...
2026-01-30 16:20:11,972 - Scheduler - INFO - Ejecutando Rutina A (Recolecci√≥n de Tickets)...
2026-01-30 16:20:12,144 - mysql.connector - INFO - package: mysql.connector.plugins
2026-01-30 16:20:12,145 - mysql.connector - INFO - plugin_name: mysql_native_password
2026-01-30 16:20:12,148 - mysql.connector - INFO - AUTHENTICATION_PLUGIN_CLASS: MySQLNativePasswordAuthPlugin
2026-01-30 16:20:13,717 - Scheduler - INFO - Tickets encontrados ya estaban en cola o procesados.
2026-01-30 16:20:13,717 - Scheduler - INFO - FORZANDO EJECUCI√ìN INMEDIATA (Argumento --now detectado)
2026-01-30 16:20:13,718 - Scheduler - INFO - Ejecutando Rutina B (Procesamiento Batch - 18:00)...
2026-01-30 16:20:13,718 - Scheduler - INFO - No hay tickets pendientes para procesar.
2026-01-30 16:20:22,642 - Main - INFO - Service stopped by user.
2026-01-30 16:20:46,012 - Main - INFO - Iniciando servicio con config.json...
2026-01-30 16:20:46,012 - Main - INFO - Modo manual activado: Se ejecutar√°n todas las tareas inmediatamente.
2026-01-30 16:20:46,013 - TimeManager - INFO - Loaded 0 processed tickets.
2026-01-30 16:20:46,014 - Scheduler - INFO - Scheduler iniciado (Modo Batch). Esperando tareas...
2026-01-30 16:20:46,014 - Scheduler - INFO - Ejecutando Rutina A (Recolecci√≥n de Tickets)...
2026-01-30 16:20:46,158 - mysql.connector - INFO - package: mysql.connector.plugins
2026-01-30 16:20:46,159 - mysql.connector - INFO - plugin_name: mysql_native_password
2026-01-30 16:20:46,160 - mysql.connector - INFO - AUTHENTICATION_PLUGIN_CLASS: MySQLNativePasswordAuthPlugin
2026-01-30 16:20:47,091 - Scheduler - INFO - üì• Se encolaron 2 tickets nuevos. Total pendiente: 2
2026-01-30 16:20:48,109 - Scheduler - INFO - FORZANDO EJECUCI√ìN INMEDIATA (Argumento --now detectado)
2026-01-30 16:20:48,109 - Scheduler - INFO - Ejecutando Rutina B (Procesamiento Batch - 18:00)...
2026-01-30 16:20:48,110 - TimeManager - INFO - Redistribuyendo 480 min entre 2 tickets: 240 min base + 0 min de residuo.
2026-01-30 16:20:48,111 - Scheduler - INFO - Procesando lote final de 2 tickets...
2026-01-30 16:20:49,150 - WebBot - INFO - Iniciando navegador...
2026-01-30 16:20:50,092 - WebBot - INFO - Iniciando sesi√≥n para usuario oleon@intelix.biz...
2026-01-30 16:20:56,093 - WebBot - INFO - Login exitoso.
2026-01-30 16:20:56,094 - WebBot - INFO - Registrando: Articulo no pasa por codigo externo [30.01.2026 07:30 - 30.01.2026 11:30]
2026-01-30 16:20:59,836 - WebBot - INFO - Entrada registrada con √©xito.
2026-01-30 16:20:59,837 - Scheduler - INFO - Registrado: Articulo no pasa por codigo externo (240m)
2026-01-30 16:20:59,837 - WebBot - INFO - Registrando: Diferencia en Conciliaci√≥n 26-01-2026 [30.01.2026 12:30 - 30.01.2026 16:30]
2026-01-30 16:21:03,639 - WebBot - INFO - Entrada registrada con √©xito.
2026-01-30 16:21:03,641 - Scheduler - INFO - Registrado: Diferencia en Conciliaci√≥n 26-01-2026 (240m)
2026-01-30 16:21:04,624 - WebBot - INFO - Cerrando navegador...
2026-01-30 16:26:14,049 - Main - INFO - Service stopped by user.
2026-01-30 16:27:59,685 - Main - INFO - Iniciando servicio con config.json...
2026-01-30 16:27:59,685 - Main - INFO - Modo manual activado: Se ejecutar√°n todas las tareas inmediatamente.
2026-01-30 16:27:59,686 - TimeManager - INFO - Loaded 2 processed tickets.
2026-01-30 16:27:59,687 - Scheduler - INFO - Scheduler iniciado (Modo Batch). Esperando tareas...
2026-01-30 16:27:59,688 - Scheduler - INFO - Ejecutando Rutina A (Recolecci√≥n de Tickets)...
2026-01-30 16:27:59,855 - mysql.connector - INFO - package: mysql.connector.plugins
2026-01-30 16:27:59,856 - mysql.connector - INFO - plugin_name: mysql_native_password
2026-01-30 16:27:59,859 - mysql.connector - INFO - AUTHENTICATION_PLUGIN_CLASS: MySQLNativePasswordAuthPlugin
2026-01-30 16:28:01,295 - Scheduler - INFO - Tickets encontrados ya estaban en cola o procesados.
2026-01-30 16:28:01,296 - Scheduler - INFO - FORZANDO EJECUCI√ìN INMEDIATA (Argumento --now detectado)
2026-01-30 16:28:01,296 - Scheduler - INFO - Ejecutando Rutina B (Procesamiento Batch - 18:00)...
2026-01-30 16:28:01,297 - Scheduler - INFO - No hay tickets pendientes para procesar.
2026-01-30 16:28:11,200 - Main - INFO - Service stopped by user.
2026-01-30 16:28:21,192 - Main - INFO - Iniciando servicio con config.json...
2026-01-30 16:28:21,192 - Main - INFO - Modo manual activado: Se ejecutar√°n todas las tareas inmediatamente.
2026-01-30 16:28:21,193 - TimeManager - INFO - Loaded 0 processed tickets.
2026-01-30 16:28:21,193 - Scheduler - INFO - Scheduler iniciado (Modo Batch). Esperando tareas...
2026-01-30 16:28:21,194 - Scheduler - INFO - Ejecutando Rutina A (Recolecci√≥n de Tickets)...
2026-01-30 16:28:21,344 - mysql.connector - INFO - package: mysql.connector.plugins
2026-01-30 16:28:21,345 - mysql.connector - INFO - plugin_name: mysql_native_password
2026-01-30 16:28:21,347 - mysql.connector - INFO - AUTHENTICATION_PLUGIN_CLASS: MySQLNativePasswordAuthPlugin
2026-01-30 16:28:21,703 - Scheduler - INFO - üì• Se encolaron 2 tickets nuevos. Total pendiente: 2
2026-01-30 16:28:22,696 - Scheduler - INFO - FORZANDO EJECUCI√ìN INMEDIATA (Argumento --now detectado)
2026-01-30 16:28:22,697 - Scheduler - INFO - Ejecutando Rutina B (Procesamiento Batch - 18:00)...
2026-01-30 16:28:22,698 - TimeManager - INFO - PLANIFICANDO JORNADA: 480 min / 2 tickets = 240 min base (+0 residual)
2026-01-30 16:28:22,698 - TimeManager - INFO - Rango Configurado: 30.01.2026 07:30 -> Fin (seg√∫n carga) | Almuerzo: 30.01.2026 11:30-30.01.2026 12:30
2026-01-30 16:28:22,698 - TimeManager - INFO - Planificaci√≥n finalizada. Jornada termina a las: 30.01.2026 16:30
2026-01-30 16:28:22,699 - Scheduler - INFO - Procesando lote final de 2 tickets...
2026-01-30 16:28:23,664 - WebBot - INFO - Iniciando navegador...
2026-01-30 16:28:24,649 - WebBot - INFO - Iniciando sesi√≥n para usuario oleon@intelix.biz...
2026-01-30 16:28:30,996 - WebBot - INFO - Login exitoso.
2026-01-30 16:28:30,997 - WebBot - INFO - Registrando: Articulo no pasa por codigo externo [30.01.2026 07:30 - 30.01.2026 11:30]
2026-01-30 16:28:34,764 - WebBot - INFO - Entrada registrada con √©xito.
2026-01-30 16:28:34,766 - Scheduler - INFO - Registrado: Articulo no pasa por codigo externo (240m)
2026-01-30 16:28:34,766 - WebBot - INFO - Registrando: Diferencia en Conciliaci√≥n 26-01-2026 [30.01.2026 12:30 - 30.01.2026 16:30]
2026-01-30 16:28:38,706 - WebBot - INFO - Entrada registrada con √©xito.
2026-01-30 16:28:38,708 - Scheduler - INFO - Registrado: Diferencia en Conciliaci√≥n 26-01-2026 (240m)
2026-01-30 16:28:39,771 - WebBot - INFO - Cerrando navegador...
2026-01-30 16:33:23,157 - Main - INFO - Service stopped by user.
2026-01-30 16:34:11,847 - Main - INFO - Iniciando servicio con config.json...
2026-01-30 16:34:11,847 - Main - INFO - Modo manual activado: Se ejecutar√°n todas las tareas inmediatamente.
2026-01-30 16:34:11,848 - TimeManager - INFO - Loaded 2 processed tickets.
2026-01-30 16:34:11,849 - Scheduler - INFO - Scheduler iniciado (Modo Batch). Esperando tareas...
2026-01-30 16:34:11,849 - Scheduler - INFO - Ejecutando Rutina A (Recolecci√≥n de Tickets)...
2026-01-30 16:34:12,018 - mysql.connector - INFO - package: mysql.connector.plugins
2026-01-30 16:34:12,019 - mysql.connector - INFO - plugin_name: mysql_native_password
2026-01-30 16:34:12,021 - mysql.connector - INFO - AUTHENTICATION_PLUGIN_CLASS: MySQLNativePasswordAuthPlugin
2026-01-30 16:34:13,280 - Scheduler - INFO - Tickets encontrados ya estaban en cola o procesados.
2026-01-30 16:34:13,281 - Scheduler - INFO - FORZANDO EJECUCI√ìN INMEDIATA (Argumento --now detectado)
2026-01-30 16:34:13,281 - Scheduler - INFO - Ejecutando Rutina B (Procesamiento Batch - 18:00)...
2026-01-30 16:34:13,282 - Scheduler - INFO - No hay tickets pendientes para procesar.
2026-01-30 16:34:20,699 - Main - INFO - Service stopped by user.
2026-01-30 16:34:22,842 - Main - INFO - Iniciando servicio con config.json...
2026-01-30 16:34:22,842 - Main - INFO - Modo manual activado: Se ejecutar√°n todas las tareas inmediatamente.
2026-01-30 16:34:22,844 - TimeManager - INFO - Loaded 0 processed tickets.
2026-01-30 16:34:22,846 - Scheduler - INFO - Scheduler iniciado (Modo Batch). Esperando tareas...
2026-01-30 16:34:22,846 - Scheduler - INFO - Ejecutando Rutina A (Recolecci√≥n de Tickets)...
2026-01-30 16:34:22,990 - mysql.connector - INFO - package: mysql.connector.plugins
2026-01-30 16:34:22,991 - mysql.connector - INFO - plugin_name: mysql_native_password
2026-01-30 16:34:22,993 - mysql.connector - INFO - AUTHENTICATION_PLUGIN_CLASS: MySQLNativePasswordAuthPlugin
2026-01-30 16:34:23,364 - Scheduler - INFO - üì• Se encolaron 2 tickets nuevos. Total pendiente: 2
2026-01-30 16:34:24,623 - Scheduler - INFO - FORZANDO EJECUCI√ìN INMEDIATA (Argumento --now detectado)
2026-01-30 16:34:24,623 - Scheduler - INFO - Ejecutando Rutina B (Procesamiento Batch - 18:00)...
2026-01-30 16:34:24,624 - TimeManager - INFO - PLANIFICANDO JORNADA: 480 min / 2 tickets = 240 min base (+0 residual)
2026-01-30 16:34:24,625 - TimeManager - INFO - Rango Configurado: 30.01.2026 07:30 -> Fin (seg√∫n carga) | Almuerzo: 30.01.2026 11:30-30.01.2026 12:30
2026-01-30 16:34:24,626 - TimeManager - INFO - Planificaci√≥n finalizada. Jornada termina a las: 30.01.2026 16:30
2026-01-30 16:34:24,626 - Scheduler - INFO - Procesando lote final de 2 tickets...
2026-01-30 16:34:25,610 - WebBot - INFO - Iniciando navegador...
2026-01-30 16:34:26,588 - WebBot - INFO - Iniciando sesi√≥n para usuario oleon@intelix.biz...
2026-01-30 16:34:29,252 - WebBot - INFO - Login exitoso.
2026-01-30 16:34:29,253 - WebBot - INFO - Registrando: Articulo no pasa por codigo externo [30.01.2026 07:30 - 30.01.2026 11:30]
2026-01-30 16:34:33,073 - WebBot - INFO - Entrada registrada con √©xito.
2026-01-30 16:34:33,076 - Scheduler - INFO - Registrado: Articulo no pasa por codigo externo (240m)
2026-01-30 16:34:33,077 - WebBot - INFO - Registrando: Diferencia en Conciliaci√≥n 26-01-2026 [30.01.2026 12:30 - 30.01.2026 16:30]
2026-01-30 16:34:37,041 - WebBot - INFO - Entrada registrada con √©xito.
2026-01-30 16:34:37,043 - Scheduler - INFO - Registrado: Diferencia en Conciliaci√≥n 26-01-2026 (240m)
2026-01-30 16:34:38,164 - WebBot - INFO - Cerrando navegador...
2026-01-30 16:37:45,030 - Main - INFO - Service stopped by user.
2026-02-03 15:23:01,128 - Main - INFO - Iniciando servicio con config.json...
2026-02-03 15:23:01,160 - TimeManager - INFO - Loaded 2 processed tickets.
2026-02-03 15:23:01,162 - Scheduler - INFO - Scheduler iniciado (Modo Batch). Esperando tareas...
2026-02-03 15:23:01,162 - Scheduler - INFO - Ejecutando Rutina A (Recolecci√≥n de Tickets)...
2026-02-03 15:23:01,347 - mysql.connector - INFO - package: mysql.connector.plugins
2026-02-03 15:23:01,348 - mysql.connector - INFO - plugin_name: mysql_native_password
2026-02-03 15:23:01,353 - mysql.connector - INFO - AUTHENTICATION_PLUGIN_CLASS: MySQLNativePasswordAuthPlugin
2026-02-03 15:23:02,966 - Scheduler - INFO - üì• Se encolaron 2 tickets nuevos. Total pendiente: 2
2026-02-03 15:23:18,322 - Main - INFO - Service stopped by user.
2026-02-13 10:23:36,290 - Main - INFO - Iniciando servicio con config.json...
2026-02-13 10:23:36,291 - Main - INFO - Modo manual activado: Se ejecutar√°n todas las tareas inmediatamente.
2026-02-13 10:23:36,327 - TimeManager - INFO - Loaded 2 processed tickets.
2026-02-13 10:23:36,330 - Scheduler - INFO - Scheduler iniciado. Esperando tareas...
2026-02-13 10:23:36,331 - Scheduler - INFO - FORZANDO SINCRONIZACI√ìN DE BACKLOG SEMANAL...
2026-02-13 10:23:36,332 - Scheduler - INFO - Ejecutando Sincronizacion de Backlog (7 dias)...
2026-02-13 10:23:36,499 - mysql.connector - INFO - package: mysql.connector.plugins
2026-02-13 10:23:36,500 - mysql.connector - INFO - plugin_name: mysql_native_password
2026-02-13 10:23:36,506 - mysql.connector - INFO - AUTHENTICATION_PLUGIN_CLASS: MySQLNativePasswordAuthPlugin
2026-02-13 10:23:40,649 - Scheduler - INFO - Sincronizacion: Se recuperaron 7 tickets de la semana. Total pendiente: 9
2026-02-13 10:23:41,908 - Scheduler - INFO - Ejecutando Rutina A (Recoleccion de Tickets)...
2026-02-13 10:23:42,410 - Scheduler - INFO - Tickets encontrados ya estaban en cola o procesados.
2026-02-13 10:23:42,411 - Scheduler - INFO - FORZANDO EJECUCI√ìN INMEDIATA (Argumento --now detectado)
2026-02-13 10:23:42,411 - Scheduler - INFO - Ejecutando Rutina B (Procesamiento Batch - 18:00)...
2026-02-13 10:23:42,412 - TimeManager - INFO - PLANIFICANDO JORNADA: 480 min / 9 tickets = 53 min base (+3 residual)
2026-02-13 10:23:42,413 - TimeManager - INFO - Rango Configurado: 13.02.2026 07:30 -> Fin (seg√∫n carga) | Almuerzo: 13.02.2026 11:30-13.02.2026 12:30
2026-02-13 10:23:42,414 - TimeManager - INFO - Ticket 2602080043 (Bloque 2) se divide por almuerzo.
2026-02-13 10:23:42,415 - TimeManager - INFO - Planificaci√≥n finalizada. Jornada termina a las: 13.02.2026 16:30
2026-02-13 10:23:42,415 - Scheduler - INFO - Procesando lote final de 37 tickets...
2026-02-13 10:23:44,173 - WebBot - INFO - Iniciando navegador...
2026-02-13 10:24:03,501 - WebBot - INFO - Iniciando sesi√≥n para usuario oleon@intelix.biz...
2026-02-13 10:24:15,827 - WebBot - INFO - Login exitoso.
2026-02-13 10:24:15,828 - WebBot - INFO - Registrando: Error en acreencias 23-01-2026 (Bloque 1) [13.02.2026 07:30 - 13.02.2026 07:44]
2026-02-13 10:24:21,822 - WebBot - INFO - Entrada registrada con √©xito.
2026-02-13 10:24:21,824 - Scheduler - INFO - Registrado con exito: Error en acreencias 23-01-2026 (Bloque 1) (ID: 2601250028)
2026-02-13 10:24:21,824 - WebBot - INFO - Registrando: Error en acreencias 23-01-2026 (Bloque 2) [13.02.2026 07:44 - 13.02.2026 07:58]
2026-02-13 10:24:27,857 - WebBot - INFO - Entrada registrada con √©xito.
2026-02-13 10:24:27,858 - Scheduler - INFO - Registrado con exito: Error en acreencias 23-01-2026 (Bloque 2) (ID: 2601250028)
2026-02-13 10:24:27,859 - WebBot - INFO - Registrando: Error en acreencias 23-01-2026 (Bloque 3) [13.02.2026 07:58 - 13.02.2026 08:11]
2026-02-13 10:24:34,284 - WebBot - INFO - Entrada registrada con √©xito.
2026-02-13 10:24:34,285 - Scheduler - INFO - Registrado con exito: Error en acreencias 23-01-2026 (Bloque 3) (ID: 2601250028)
2026-02-13 10:24:34,286 - WebBot - INFO - Registrando: Error en acreencias 23-01-2026 (Bloque 4) [13.02.2026 08:11 - 13.02.2026 08:24]
2026-02-13 10:24:40,761 - WebBot - INFO - Entrada registrada con √©xito.
2026-02-13 10:24:40,762 - Scheduler - INFO - Registrado con exito: Error en acreencias 23-01-2026 (Bloque 4) (ID: 2601250028)
2026-02-13 10:24:40,763 - WebBot - INFO - Registrando: Recuperacion de trama (Bloque 1) [13.02.2026 08:24 - 13.02.2026 08:38]
2026-02-13 10:24:47,325 - WebBot - INFO - Entrada registrada con √©xito.
2026-02-13 10:24:47,326 - Scheduler - INFO - Registrado con exito: Recuperacion de trama (Bloque 1) (ID: 2601290200)
2026-02-13 10:24:47,327 - WebBot - INFO - Registrando: Recuperacion de trama (Bloque 2) [13.02.2026 08:38 - 13.02.2026 08:52]
2026-02-13 10:24:53,487 - WebBot - INFO - Entrada registrada con √©xito.
2026-02-13 10:24:53,487 - Scheduler - INFO - Registrado con exito: Recuperacion de trama (Bloque 2) (ID: 2601290200)
2026-02-13 10:24:53,488 - WebBot - INFO - Registrando: Recuperacion de trama (Bloque 3) [13.02.2026 08:52 - 13.02.2026 09:05]
2026-02-13 10:24:59,246 - WebBot - INFO - Entrada registrada con √©xito.
2026-02-13 10:24:59,247 - Scheduler - INFO - Registrado con exito: Recuperacion de trama (Bloque 3) (ID: 2601290200)
2026-02-13 10:24:59,247 - WebBot - INFO - Registrando: Recuperacion de trama (Bloque 4) [13.02.2026 09:05 - 13.02.2026 09:18]
2026-02-13 10:25:05,210 - WebBot - INFO - Entrada registrada con √©xito.
2026-02-13 10:25:05,211 - Scheduler - INFO - Registrado con exito: Recuperacion de trama (Bloque 4) (ID: 2601290200)
2026-02-13 10:25:05,212 - WebBot - INFO - Registrando: Urgente: TRANSACCIONES ATRAPADAS d√≠a 05/02/2026, T04 (Bloque 1) [13.02.2026 09:18 - 13.02.2026 09:32]
2026-02-13 10:25:11,009 - WebBot - INFO - Entrada registrada con √©xito.
2026-02-13 10:25:11,012 - Scheduler - INFO - Registrado con exito: Urgente: TRANSACCIONES ATRAPADAS d√≠a 05/02/2026, T04 (Bloque 1) (ID: 2602050250)
2026-02-13 10:25:11,013 - WebBot - INFO - Registrando: Urgente: TRANSACCIONES ATRAPADAS d√≠a 05/02/2026, T04 (Bloque 2) [13.02.2026 09:32 - 13.02.2026 09:46]
2026-02-13 10:25:17,003 - WebBot - INFO - Entrada registrada con √©xito.
2026-02-13 10:25:17,004 - Scheduler - INFO - Registrado con exito: Urgente: TRANSACCIONES ATRAPADAS d√≠a 05/02/2026, T04 (Bloque 2) (ID: 2602050250)
2026-02-13 10:25:17,004 - WebBot - INFO - Registrando: Urgente: TRANSACCIONES ATRAPADAS d√≠a 05/02/2026, T04 (Bloque 3) [13.02.2026 09:46 - 13.02.2026 09:59]
2026-02-13 10:25:23,639 - WebBot - INFO - Entrada registrada con √©xito.
2026-02-13 10:25:23,640 - Scheduler - INFO - Registrado con exito: Urgente: TRANSACCIONES ATRAPADAS d√≠a 05/02/2026, T04 (Bloque 3) (ID: 2602050250)
2026-02-13 10:25:23,640 - WebBot - INFO - Registrando: Urgente: TRANSACCIONES ATRAPADAS d√≠a 05/02/2026, T04 (Bloque 4) [13.02.2026 09:59 - 13.02.2026 10:12]
2026-02-13 10:25:30,200 - WebBot - INFO - Entrada registrada con √©xito.
2026-02-13 10:25:30,201 - Scheduler - INFO - Registrado con exito: Urgente: TRANSACCIONES ATRAPADAS d√≠a 05/02/2026, T04 (Bloque 4) (ID: 2602050250)
2026-02-13 10:25:30,202 - WebBot - INFO - Registrando: Datos de acreencias (Bloque 1) [13.02.2026 10:12 - 13.02.2026 10:26]
2026-02-13 10:25:36,729 - WebBot - INFO - Entrada registrada con √©xito.
2026-02-13 10:25:36,732 - Scheduler - INFO - Registrado con exito: Datos de acreencias (Bloque 1) (ID: 2602060145)
2026-02-13 10:25:36,733 - WebBot - INFO - Registrando: Datos de acreencias (Bloque 2) [13.02.2026 10:26 - 13.02.2026 10:39]
2026-02-13 10:25:43,382 - WebBot - INFO - Entrada registrada con √©xito.
2026-02-13 10:25:43,382 - Scheduler - INFO - Registrado con exito: Datos de acreencias (Bloque 2) (ID: 2602060145)
2026-02-13 10:25:43,383 - WebBot - INFO - Registrando: Datos de acreencias (Bloque 3) [13.02.2026 10:39 - 13.02.2026 10:52]
2026-02-13 10:25:49,856 - WebBot - INFO - Entrada registrada con √©xito.
2026-02-13 10:25:49,856 - Scheduler - INFO - Registrado con exito: Datos de acreencias (Bloque 3) (ID: 2602060145)
2026-02-13 10:25:49,857 - WebBot - INFO - Registrando: Datos de acreencias (Bloque 4) [13.02.2026 10:52 - 13.02.2026 11:05]
2026-02-13 10:25:56,292 - WebBot - INFO - Entrada registrada con √©xito.
2026-02-13 10:25:56,292 - Scheduler - INFO - Registrado con exito: Datos de acreencias (Bloque 4) (ID: 2602060145)
2026-02-13 10:25:56,293 - WebBot - INFO - Registrando: URGENTE: Transacciones atrapadas T2 FEBRERO-08 (Bloque 1) [13.02.2026 11:05 - 13.02.2026 11:19]
2026-02-13 10:26:02,679 - WebBot - INFO - Entrada registrada con √©xito.
2026-02-13 10:26:02,682 - Scheduler - INFO - Registrado con exito: URGENTE: Transacciones atrapadas T2 FEBRERO-08 (Bloque 1) (ID: 2602080043)
2026-02-13 10:26:02,683 - WebBot - INFO - Registrando: URGENTE: Transacciones atrapadas T2 FEBRERO-08 (Bloque 2.1) [13.02.2026 11:19 - 13.02.2026 11:30]
2026-02-13 10:26:09,153 - WebBot - INFO - Entrada registrada con √©xito.
2026-02-13 10:26:09,154 - Scheduler - INFO - Registrado con exito: URGENTE: Transacciones atrapadas T2 FEBRERO-08 (Bloque 2.1) (ID: 2602080043)
2026-02-13 10:26:09,155 - WebBot - INFO - Registrando: URGENTE: Transacciones atrapadas T2 FEBRERO-08 (Bloque 2.2) [13.02.2026 12:30 - 13.02.2026 12:32]
2026-02-13 10:26:15,588 - WebBot - INFO - Entrada registrada con √©xito.
2026-02-13 10:26:15,588 - Scheduler - INFO - Registrado con exito: URGENTE: Transacciones atrapadas T2 FEBRERO-08 (Bloque 2.2) (ID: 2602080043)
2026-02-13 10:26:15,589 - WebBot - INFO - Registrando: URGENTE: Transacciones atrapadas T2 FEBRERO-08 (Bloque 3) [13.02.2026 12:32 - 13.02.2026 12:45]
2026-02-13 10:26:22,173 - WebBot - INFO - Entrada registrada con √©xito.
2026-02-13 10:26:22,174 - Scheduler - INFO - Registrado con exito: URGENTE: Transacciones atrapadas T2 FEBRERO-08 (Bloque 3) (ID: 2602080043)
2026-02-13 10:26:22,175 - WebBot - INFO - Registrando: URGENTE: Transacciones atrapadas T2 FEBRERO-08 (Bloque 4) [13.02.2026 12:45 - 13.02.2026 12:58]
2026-02-13 10:26:28,686 - WebBot - INFO - Entrada registrada con √©xito.
2026-02-13 10:26:28,687 - Scheduler - INFO - Registrado con exito: URGENTE: Transacciones atrapadas T2 FEBRERO-08 (Bloque 4) (ID: 2602080043)
2026-02-13 10:26:28,688 - WebBot - INFO - Registrando: DIFERENCIA 06/02 T03 (Bloque 1) [13.02.2026 12:58 - 13.02.2026 13:12]
2026-02-13 10:26:35,154 - WebBot - INFO - Entrada registrada con √©xito.
2026-02-13 10:26:35,155 - Scheduler - INFO - Registrado con exito: DIFERENCIA 06/02 T03 (Bloque 1) (ID: 2602090109)
2026-02-13 10:26:35,156 - WebBot - INFO - Registrando: DIFERENCIA 06/02 T03 (Bloque 2) [13.02.2026 13:12 - 13.02.2026 13:25]
2026-02-13 10:26:41,737 - WebBot - INFO - Entrada registrada con √©xito.
2026-02-13 10:26:41,738 - Scheduler - INFO - Registrado con exito: DIFERENCIA 06/02 T03 (Bloque 2) (ID: 2602090109)
2026-02-13 10:26:41,739 - WebBot - INFO - Registrando: DIFERENCIA 06/02 T03 (Bloque 3) [13.02.2026 13:25 - 13.02.2026 13:38]
2026-02-13 10:26:48,426 - WebBot - INFO - Entrada registrada con √©xito.
2026-02-13 10:26:48,427 - Scheduler - INFO - Registrado con exito: DIFERENCIA 06/02 T03 (Bloque 3) (ID: 2602090109)
2026-02-13 10:26:48,428 - WebBot - INFO - Registrando: DIFERENCIA 06/02 T03 (Bloque 4) [13.02.2026 13:38 - 13.02.2026 13:51]
2026-02-13 10:26:54,990 - WebBot - INFO - Entrada registrada con √©xito.
2026-02-13 10:26:54,990 - Scheduler - INFO - Registrado con exito: DIFERENCIA 06/02 T03 (Bloque 4) (ID: 2602090109)
2026-02-13 10:26:54,990 - WebBot - INFO - Registrando: Re: Asociar c√≥digo externo (Bloque 1) [13.02.2026 13:51 - 13.02.2026 14:05]
2026-02-13 10:27:01,057 - WebBot - INFO - Entrada registrada con √©xito.
2026-02-13 10:27:01,059 - Scheduler - INFO - Registrado con exito: Re: Asociar c√≥digo externo (Bloque 1) (ID: 2602100237)
2026-02-13 10:27:01,060 - WebBot - INFO - Registrando: Re: Asociar c√≥digo externo (Bloque 2) [13.02.2026 14:05 - 13.02.2026 14:18]
2026-02-13 10:27:07,230 - WebBot - INFO - Entrada registrada con √©xito.
2026-02-13 10:27:07,231 - Scheduler - INFO - Registrado con exito: Re: Asociar c√≥digo externo (Bloque 2) (ID: 2602100237)
2026-02-13 10:27:07,232 - WebBot - INFO - Registrando: Re: Asociar c√≥digo externo (Bloque 3) [13.02.2026 14:18 - 13.02.2026 14:31]
2026-02-13 10:27:13,476 - WebBot - INFO - Entrada registrada con √©xito.
2026-02-13 10:27:13,477 - Scheduler - INFO - Registrado con exito: Re: Asociar c√≥digo externo (Bloque 3) (ID: 2602100237)
2026-02-13 10:27:13,477 - WebBot - INFO - Registrando: Re: Asociar c√≥digo externo (Bloque 4) [13.02.2026 14:31 - 13.02.2026 14:44]
2026-02-13 10:27:17,156 - WebBot - INFO - Cerrando navegador...
2026-02-13 10:27:19,313 - Main - INFO - Service stopped by user.
2026-02-13 10:27:19,401 - asyncio - ERROR - Task was destroyed but it is pending!
task: <Task pending name='Task-1372' coro=<Page.click() running at C:\Users\acer\AppData\Roaming\Python\Python314\site-packages\playwright\_impl\_page.py:854> wait_for=<Future pending cb=[Task.task_wakeup()]> cb=[SyncBase._sync.<locals>.<lambda>() at C:\Users\acer\AppData\Roaming\Python\Python314\site-packages\playwright\_impl\_sync_base.py:111, ProtocolCallback.__init__.<locals>.cb() at C:\Users\acer\AppData\Roaming\Python\Python314\site-packages\playwright\_impl\_connection.py:230]>
2026-02-13 10:27:19,402 - asyncio - ERROR - Task was destroyed but it is pending!
task: <Task pending name='Task-1373' coro=<Page.close() running at C:\Users\acer\AppData\Roaming\Python\Python314\site-packages\playwright\_impl\_page.py:826> cb=[SyncBase._sync.<locals>.<lambda>() at C:\Users\acer\AppData\Roaming\Python\Python314\site-packages\playwright\_impl\_sync_base.py:111]>
2026-02-13 11:20:41,310 - Main - INFO - Iniciando servicio con config.json...
2026-02-13 11:20:41,311 - Main - INFO - Modo manual activado: Se ejecutar√°n todas las tareas inmediatamente.
2026-02-13 11:20:41,314 - Scheduler - INFO - Scheduler iniciado. Esperando tareas...
2026-02-13 11:20:41,314 - Scheduler - INFO - FORZANDO SINCRONIZACI√ìN DE BACKLOG SEMANAL...
2026-02-13 11:20:41,315 - Scheduler - INFO - Ejecutando Sincronizacion de Backlog (7 dias)...
2026-02-13 11:20:41,478 - mysql.connector - INFO - package: mysql.connector.plugins
2026-02-13 11:20:41,479 - mysql.connector - INFO - plugin_name: mysql_native_password
2026-02-13 11:20:41,485 - mysql.connector - INFO - AUTHENTICATION_PLUGIN_CLASS: MySQLNativePasswordAuthPlugin
2026-02-13 11:20:42,065 - Scheduler - INFO - Sincronizacion: Se recuperaron 7 tickets de la semana. Total pendiente: 7
2026-02-13 11:20:43,160 - Scheduler - INFO - Ejecutando Rutina A (Recoleccion de Tickets)...
2026-02-13 11:20:43,645 - Scheduler - INFO - Tickets encontrados ya estaban en cola o procesados.
2026-02-13 11:20:43,646 - Scheduler - INFO - FORZANDO EJECUCI√ìN INMEDIATA (Argumento --now detectado)
2026-02-13 11:20:43,646 - Scheduler - INFO - Ejecutando Rutina B (Procesamiento Batch)...
2026-02-13 11:20:43,648 - Scheduler - INFO - Se detectaron tickets para 6 dias diferentes.
2026-02-13 11:20:44,578 - WebBot - INFO - Iniciando navegador...
2026-02-13 11:20:46,411 - WebBot - INFO - Iniciando sesi√≥n para usuario oleon@intelix.biz...
2026-02-13 11:20:52,573 - WebBot - INFO - Login exitoso.
2026-02-13 11:20:52,573 - Scheduler - INFO - Procesando dia 2026-02-06 (1 tickets)...
2026-02-13 11:20:52,616 - TimeManager - INFO - PLANIFICANDO JORNADA: 480 min / 1 tickets = 480 min base (+0 residual)
2026-02-13 11:20:52,616 - TimeManager - INFO - Rango Configurado: 06.02.2026 07:30 -> Fin (seg√∫n carga) | Almuerzo: 06.02.2026 11:30-06.02.2026 12:30
2026-02-13 11:20:52,617 - TimeManager - INFO - Planificaci√≥n finalizada. Jornada termina a las: 06.02.2026 16:30
2026-02-13 11:20:52,618 - WebBot - INFO - Registrando: Urgente: TRANSACCIONES ATRAPADAS d√≠a 05/02/2026, T04 (Bloque 1) [06.02.2026 07:30 - 06.02.2026 09:30]
2026-02-13 11:21:01,176 - WebBot - ERROR - Error de validaci√≥n en Xtiming: Desconocido
2026-02-13 11:21:01,601 - WebBot - INFO - Screenshot del error guardada en: error_validation_1770996061.png
2026-02-13 11:21:01,601 - Scheduler - ERROR - Fallo al registrar Ticket ID 2602050250 en fecha 2026-02-06
2026-02-13 11:21:01,602 - WebBot - INFO - Registrando: Urgente: TRANSACCIONES ATRAPADAS d√≠a 05/02/2026, T04 (Bloque 2) [06.02.2026 09:30 - 06.02.2026 11:30]
2026-02-13 11:21:10,835 - WebBot - ERROR - Error de validaci√≥n en Xtiming: Desconocido
2026-02-13 11:21:10,961 - WebBot - INFO - Screenshot del error guardada en: error_validation_1770996070.png
2026-02-13 11:21:10,961 - Scheduler - ERROR - Fallo al registrar Ticket ID 2602050250 en fecha 2026-02-06
2026-02-13 11:21:10,962 - WebBot - INFO - Registrando: Urgente: TRANSACCIONES ATRAPADAS d√≠a 05/02/2026, T04 (Bloque 3) [06.02.2026 12:30 - 06.02.2026 14:30]
2026-02-13 11:21:20,155 - WebBot - ERROR - Error de validaci√≥n en Xtiming: Desconocido
2026-02-13 11:21:20,226 - WebBot - INFO - Screenshot del error guardada en: error_validation_1770996080.png
2026-02-13 11:21:20,226 - Scheduler - ERROR - Fallo al registrar Ticket ID 2602050250 en fecha 2026-02-06
2026-02-13 11:21:20,227 - WebBot - INFO - Registrando: Urgente: TRANSACCIONES ATRAPADAS d√≠a 05/02/2026, T04 (Bloque 4) [06.02.2026 14:30 - 06.02.2026 16:30]
2026-02-13 11:21:28,479 - WebBot - ERROR - Error de validaci√≥n en Xtiming: Desconocido
2026-02-13 11:21:28,537 - WebBot - INFO - Screenshot del error guardada en: error_validation_1770996088.png
2026-02-13 11:21:28,538 - Scheduler - ERROR - Fallo al registrar Ticket ID 2602050250 en fecha 2026-02-06
2026-02-13 11:21:28,538 - Scheduler - INFO - Completado dia 2026-02-06: 0/1 exitosos.
2026-02-13 11:21:28,538 - Scheduler - INFO - Procesando dia 2026-02-09 (2 tickets)...
2026-02-13 11:21:28,539 - TimeManager - INFO - PLANIFICANDO JORNADA: 480 min / 2 tickets = 240 min base (+0 residual)
2026-02-13 11:21:28,539 - TimeManager - INFO - Rango Configurado: 09.02.2026 07:30 -> Fin (seg√∫n carga) | Almuerzo: 09.02.2026 11:30-09.02.2026 12:30
2026-02-13 11:21:28,540 - TimeManager - INFO - Planificaci√≥n finalizada. Jornada termina a las: 09.02.2026 16:30
2026-02-13 11:21:28,540 - WebBot - INFO - Registrando: Datos de acreencias (Bloque 1) [09.02.2026 07:30 - 09.02.2026 08:30]
2026-02-13 11:21:34,223 - WebBot - INFO - Entrada registrada con √©xito.
2026-02-13 11:21:34,226 - Scheduler - INFO - Registrado con exito [2026-02-09]: Datos de acreencias (Bloque 1) (ID: 2602060145)
2026-02-13 11:21:34,226 - WebBot - INFO - Registrando: Datos de acreencias (Bloque 2) [09.02.2026 08:30 - 09.02.2026 09:30]
2026-02-13 11:21:39,915 - WebBot - INFO - Entrada registrada con √©xito.
2026-02-13 11:21:39,916 - Scheduler - INFO - Registrado con exito [2026-02-09]: Datos de acreencias (Bloque 2) (ID: 2602060145)
2026-02-13 11:21:39,916 - WebBot - INFO - Registrando: Datos de acreencias (Bloque 3) [09.02.2026 09:30 - 09.02.2026 10:30]
2026-02-13 11:21:45,587 - WebBot - INFO - Entrada registrada con √©xito.
2026-02-13 11:21:45,588 - Scheduler - INFO - Registrado con exito [2026-02-09]: Datos de acreencias (Bloque 3) (ID: 2602060145)
2026-02-13 11:21:45,588 - WebBot - INFO - Registrando: Datos de acreencias (Bloque 4) [09.02.2026 10:30 - 09.02.2026 11:30]
2026-02-13 11:21:51,225 - WebBot - INFO - Entrada registrada con √©xito.
2026-02-13 11:21:51,225 - Scheduler - INFO - Registrado con exito [2026-02-09]: Datos de acreencias (Bloque 4) (ID: 2602060145)
2026-02-13 11:21:51,226 - WebBot - INFO - Registrando: URGENTE: Transacciones atrapadas T2 FEBRERO-08 (Bloque 1) [09.02.2026 12:30 - 09.02.2026 13:30]
2026-02-13 11:21:56,908 - WebBot - INFO - Entrada registrada con √©xito.
2026-02-13 11:21:56,910 - Scheduler - INFO - Registrado con exito [2026-02-09]: URGENTE: Transacciones atrapadas T2 FEBRERO-08 (Bloque 1) (ID: 2602080043)
2026-02-13 11:21:56,910 - WebBot - INFO - Registrando: URGENTE: Transacciones atrapadas T2 FEBRERO-08 (Bloque 2) [09.02.2026 13:30 - 09.02.2026 14:30]
2026-02-13 11:22:03,234 - WebBot - INFO - Entrada registrada con √©xito.
2026-02-13 11:22:03,235 - Scheduler - INFO - Registrado con exito [2026-02-09]: URGENTE: Transacciones atrapadas T2 FEBRERO-08 (Bloque 2) (ID: 2602080043)
2026-02-13 11:22:03,236 - WebBot - INFO - Registrando: URGENTE: Transacciones atrapadas T2 FEBRERO-08 (Bloque 3) [09.02.2026 14:30 - 09.02.2026 15:30]
2026-02-13 11:22:09,516 - WebBot - INFO - Entrada registrada con √©xito.
2026-02-13 11:22:09,516 - Scheduler - INFO - Registrado con exito [2026-02-09]: URGENTE: Transacciones atrapadas T2 FEBRERO-08 (Bloque 3) (ID: 2602080043)
2026-02-13 11:22:09,517 - WebBot - INFO - Registrando: URGENTE: Transacciones atrapadas T2 FEBRERO-08 (Bloque 4) [09.02.2026 15:30 - 09.02.2026 16:30]
2026-02-13 11:22:15,233 - WebBot - INFO - Entrada registrada con √©xito.
2026-02-13 11:22:15,234 - Scheduler - INFO - Registrado con exito [2026-02-09]: URGENTE: Transacciones atrapadas T2 FEBRERO-08 (Bloque 4) (ID: 2602080043)
2026-02-13 11:22:15,234 - Scheduler - INFO - Completado dia 2026-02-09: 8/2 exitosos.
2026-02-13 11:22:15,234 - Scheduler - INFO - Procesando dia 2026-02-10 (1 tickets)...
2026-02-13 11:22:15,235 - TimeManager - INFO - PLANIFICANDO JORNADA: 480 min / 1 tickets = 480 min base (+0 residual)
2026-02-13 11:22:15,236 - TimeManager - INFO - Rango Configurado: 10.02.2026 07:30 -> Fin (seg√∫n carga) | Almuerzo: 10.02.2026 11:30-10.02.2026 12:30
2026-02-13 11:22:15,237 - TimeManager - INFO - Planificaci√≥n finalizada. Jornada termina a las: 10.02.2026 16:30
2026-02-13 11:22:15,237 - WebBot - INFO - Registrando: DIFERENCIA 06/02 T03 (Bloque 1) [10.02.2026 07:30 - 10.02.2026 09:30]
2026-02-13 11:22:21,027 - WebBot - INFO - Entrada registrada con √©xito.
2026-02-13 11:22:21,029 - Scheduler - INFO - Registrado con exito [2026-02-10]: DIFERENCIA 06/02 T03 (Bloque 1) (ID: 2602090109)
2026-02-13 11:22:21,030 - WebBot - INFO - Registrando: DIFERENCIA 06/02 T03 (Bloque 2) [10.02.2026 09:30 - 10.02.2026 11:30]
2026-02-13 11:22:26,682 - WebBot - INFO - Entrada registrada con √©xito.
2026-02-13 11:22:26,683 - Scheduler - INFO - Registrado con exito [2026-02-10]: DIFERENCIA 06/02 T03 (Bloque 2) (ID: 2602090109)
2026-02-13 11:22:26,683 - WebBot - INFO - Registrando: DIFERENCIA 06/02 T03 (Bloque 3) [10.02.2026 12:30 - 10.02.2026 14:30]
2026-02-13 11:22:32,424 - WebBot - INFO - Entrada registrada con √©xito.
2026-02-13 11:22:32,425 - Scheduler - INFO - Registrado con exito [2026-02-10]: DIFERENCIA 06/02 T03 (Bloque 3) (ID: 2602090109)
2026-02-13 11:22:32,425 - WebBot - INFO - Registrando: DIFERENCIA 06/02 T03 (Bloque 4) [10.02.2026 14:30 - 10.02.2026 16:30]
2026-02-13 11:22:38,066 - WebBot - INFO - Entrada registrada con √©xito.
2026-02-13 11:22:38,067 - Scheduler - INFO - Registrado con exito [2026-02-10]: DIFERENCIA 06/02 T03 (Bloque 4) (ID: 2602090109)
2026-02-13 11:22:38,067 - Scheduler - INFO - Completado dia 2026-02-10: 4/1 exitosos.
2026-02-13 11:22:38,067 - Scheduler - INFO - Procesando dia 2026-02-11 (1 tickets)...
2026-02-13 11:22:38,068 - TimeManager - INFO - PLANIFICANDO JORNADA: 480 min / 1 tickets = 480 min base (+0 residual)
2026-02-13 11:22:38,069 - TimeManager - INFO - Rango Configurado: 11.02.2026 07:30 -> Fin (seg√∫n carga) | Almuerzo: 11.02.2026 11:30-11.02.2026 12:30
2026-02-13 11:22:38,069 - TimeManager - INFO - Planificaci√≥n finalizada. Jornada termina a las: 11.02.2026 16:30
2026-02-13 11:22:38,069 - WebBot - INFO - Registrando: Re: Asociar c√≥digo externo (Bloque 1) [11.02.2026 07:30 - 11.02.2026 09:30]
2026-02-13 11:22:43,718 - WebBot - INFO - Entrada registrada con √©xito.
2026-02-13 11:22:43,720 - Scheduler - INFO - Registrado con exito [2026-02-11]: Re: Asociar c√≥digo externo (Bloque 1) (ID: 2602100237)
2026-02-13 11:22:43,721 - WebBot - INFO - Registrando: Re: Asociar c√≥digo externo (Bloque 2) [11.02.2026 09:30 - 11.02.2026 11:30]
2026-02-13 11:22:49,412 - WebBot - INFO - Entrada registrada con √©xito.
2026-02-13 11:22:49,412 - Scheduler - INFO - Registrado con exito [2026-02-11]: Re: Asociar c√≥digo externo (Bloque 2) (ID: 2602100237)
2026-02-13 11:22:49,413 - WebBot - INFO - Registrando: Re: Asociar c√≥digo externo (Bloque 3) [11.02.2026 12:30 - 11.02.2026 14:30]
2026-02-13 11:22:55,166 - WebBot - INFO - Entrada registrada con √©xito.
2026-02-13 11:22:55,166 - Scheduler - INFO - Registrado con exito [2026-02-11]: Re: Asociar c√≥digo externo (Bloque 3) (ID: 2602100237)
2026-02-13 11:22:55,167 - WebBot - INFO - Registrando: Re: Asociar c√≥digo externo (Bloque 4) [11.02.2026 14:30 - 11.02.2026 16:30]
2026-02-13 11:23:00,781 - WebBot - INFO - Entrada registrada con √©xito.
2026-02-13 11:23:00,782 - Scheduler - INFO - Registrado con exito [2026-02-11]: Re: Asociar c√≥digo externo (Bloque 4) (ID: 2602100237)
2026-02-13 11:23:00,782 - Scheduler - INFO - Completado dia 2026-02-11: 4/1 exitosos.
2026-02-13 11:23:00,783 - Scheduler - INFO - Procesando dia 2026-02-12 (1 tickets)...
2026-02-13 11:23:00,783 - TimeManager - INFO - PLANIFICANDO JORNADA: 480 min / 1 tickets = 480 min base (+0 residual)
2026-02-13 11:23:00,784 - TimeManager - INFO - Rango Configurado: 12.02.2026 07:30 -> Fin (seg√∫n carga) | Almuerzo: 12.02.2026 11:30-12.02.2026 12:30
2026-02-13 11:23:00,784 - TimeManager - INFO - Planificaci√≥n finalizada. Jornada termina a las: 12.02.2026 16:30
2026-02-13 11:23:00,785 - WebBot - INFO - Registrando: RECUPERACION DE TRAMA (Bloque 1) [12.02.2026 07:30 - 12.02.2026 09:30]
2026-02-13 11:23:06,414 - WebBot - INFO - Entrada registrada con √©xito.
2026-02-13 11:23:06,416 - Scheduler - INFO - Registrado con exito [2026-02-12]: RECUPERACION DE TRAMA (Bloque 1) (ID: 2602100287)
2026-02-13 11:23:06,417 - WebBot - INFO - Registrando: RECUPERACION DE TRAMA (Bloque 2) [12.02.2026 09:30 - 12.02.2026 11:30]
2026-02-13 11:23:12,089 - WebBot - INFO - Entrada registrada con √©xito.
2026-02-13 11:23:12,090 - Scheduler - INFO - Registrado con exito [2026-02-12]: RECUPERACION DE TRAMA (Bloque 2) (ID: 2602100287)
2026-02-13 11:23:12,090 - WebBot - INFO - Registrando: RECUPERACION DE TRAMA (Bloque 3) [12.02.2026 12:30 - 12.02.2026 14:30]
2026-02-13 11:23:17,805 - WebBot - INFO - Entrada registrada con √©xito.
2026-02-13 11:23:17,807 - Scheduler - INFO - Registrado con exito [2026-02-12]: RECUPERACION DE TRAMA (Bloque 3) (ID: 2602100287)
2026-02-13 11:23:17,807 - WebBot - INFO - Registrando: RECUPERACION DE TRAMA (Bloque 4) [12.02.2026 14:30 - 12.02.2026 16:30]
2026-02-13 11:23:23,479 - WebBot - INFO - Entrada registrada con √©xito.
2026-02-13 11:23:23,480 - Scheduler - INFO - Registrado con exito [2026-02-12]: RECUPERACION DE TRAMA (Bloque 4) (ID: 2602100287)
2026-02-13 11:23:23,481 - Scheduler - INFO - Completado dia 2026-02-12: 4/1 exitosos.
2026-02-13 11:23:23,481 - Scheduler - INFO - Procesando dia 2026-02-13 (1 tickets)...
2026-02-13 11:23:23,482 - TimeManager - INFO - PLANIFICANDO JORNADA: 480 min / 1 tickets = 480 min base (+0 residual)
2026-02-13 11:23:23,482 - TimeManager - INFO - Rango Configurado: 13.02.2026 07:30 -> Fin (seg√∫n carga) | Almuerzo: 13.02.2026 11:30-13.02.2026 12:30
2026-02-13 11:23:23,483 - TimeManager - INFO - Planificaci√≥n finalizada. Jornada termina a las: 13.02.2026 16:30
2026-02-13 11:23:23,483 - WebBot - INFO - Registrando: Cajas no estan replicando c√≥digos de liquidaci√≥n (Bloque 1) [13.02.2026 07:30 - 13.02.2026 09:30]
2026-02-13 11:23:29,106 - WebBot - INFO - Entrada registrada con √©xito.
2026-02-13 11:23:29,107 - Scheduler - INFO - Registrado con exito [2026-02-13]: Cajas no estan replicando c√≥digos de liquidaci√≥n (Bloque 1) (ID: 2602120091)
2026-02-13 11:23:29,108 - WebBot - INFO - Registrando: Cajas no estan replicando c√≥digos de liquidaci√≥n (Bloque 2) [13.02.2026 09:30 - 13.02.2026 11:30]
2026-02-13 11:23:34,821 - WebBot - INFO - Entrada registrada con √©xito.
2026-02-13 11:23:34,822 - Scheduler - INFO - Registrado con exito [2026-02-13]: Cajas no estan replicando c√≥digos de liquidaci√≥n (Bloque 2) (ID: 2602120091)
2026-02-13 11:23:34,823 - WebBot - INFO - Registrando: Cajas no estan replicando c√≥digos de liquidaci√≥n (Bloque 3) [13.02.2026 12:30 - 13.02.2026 14:30]
2026-02-13 11:23:40,630 - WebBot - INFO - Entrada registrada con √©xito.
2026-02-13 11:23:40,631 - Scheduler - INFO - Registrado con exito [2026-02-13]: Cajas no estan replicando c√≥digos de liquidaci√≥n (Bloque 3) (ID: 2602120091)
2026-02-13 11:23:40,631 - WebBot - INFO - Registrando: Cajas no estan replicando c√≥digos de liquidaci√≥n (Bloque 4) [13.02.2026 14:30 - 13.02.2026 16:30]
2026-02-13 11:23:46,294 - WebBot - INFO - Entrada registrada con √©xito.
2026-02-13 11:23:46,294 - Scheduler - INFO - Registrado con exito [2026-02-13]: Cajas no estan replicando c√≥digos de liquidaci√≥n (Bloque 4) (ID: 2602120091)
2026-02-13 11:23:46,295 - Scheduler - INFO - Completado dia 2026-02-13: 4/1 exitosos.
2026-02-13 11:23:47,299 - WebBot - INFO - Cerrando navegador...
2026-02-13 11:23:47,497 - Scheduler - WARNING - Quedaron 1 tickets pendientes.
2026-02-13 11:28:30,868 - Main - INFO - Service stopped by user.
2026-02-23 13:19:38,751 - Main - INFO - Iniciando servicio con config.json...
2026-02-23 13:19:38,823 - Main - INFO - Bot de Telegram lanzado en hilo secundario.
2026-02-23 13:19:38,825 - Scheduler - INFO - Scheduler iniciado. Esperando tareas...
2026-02-23 13:19:38,826 - Scheduler - INFO - Ejecutando Rutina A (Recoleccion de Tickets)...
2026-02-23 13:19:39,022 - mysql.connector - INFO - package: mysql.connector.plugins
2026-02-23 13:19:39,023 - mysql.connector - INFO - plugin_name: mysql_native_password
2026-02-23 13:19:39,026 - mysql.connector - INFO - AUTHENTICATION_PLUGIN_CLASS: MySQLNativePasswordAuthPlugin
2026-02-23 13:19:39,572 - TelegramBot - INFO - Bot de Telegram iniciado con persistencia.
2026-02-23 13:19:40,182 - httpx - INFO - HTTP Request: POST https://api.telegram.org/bot8101304195:AAGVkMB3EaJqymvt_g21zSI6hJBTz6NSNNE/getMe "HTTP/1.1 200 OK"
2026-02-23 13:19:40,354 - httpx - INFO - HTTP Request: POST https://api.telegram.org/bot8101304195:AAGVkMB3EaJqymvt_g21zSI6hJBTz6NSNNE/deleteWebhook "HTTP/1.1 200 OK"
2026-02-23 13:19:40,358 - telegram.ext.Application - INFO - Application started
2026-02-23 13:19:45,045 - httpx - INFO - HTTP Request: POST https://api.telegram.org/bot8101304195:AAGVkMB3EaJqymvt_g21zSI6hJBTz6NSNNE/getUpdates "HTTP/1.1 409 Conflict"
2026-02-23 13:19:45,049 - telegram.ext.Application - ERROR - No error handlers are registered, logging exception.
Traceback (most recent call last):
  File "C:\Users\acer\AppData\Roaming\Python\Python314\site-packages\telegram\ext\_utils\networkloop.py", line 161, in network_retry_loop
    await do_action()
  File "C:\Users\acer\AppData\Roaming\Python\Python314\site-packages\telegram\ext\_utils\networkloop.py", line 154, in do_action
    action_cb_task.result()
    ~~~~~~~~~~~~~~~~~~~~~^^
  File "C:\Users\acer\AppData\Roaming\Python\Python314\site-packages\telegram\ext\_updater.py", line 340, in polling_action_cb
    updates = await self.bot.get_updates(
              ^^^^^^^^^^^^^^^^^^^^^^^^^^^
    ...<3 lines>...
    )
    ^
  File "C:\Users\acer\AppData\Roaming\Python\Python314\site-packages\telegram\ext\_extbot.py", line 671, in get_updates
    updates = await super().get_updates(
              ^^^^^^^^^^^^^^^^^^^^^^^^^^
    ...<9 lines>...
    )
    ^
  File "C:\Users\acer\AppData\Roaming\Python\Python314\site-packages\telegram\_bot.py", line 4860, in get_updates
    await self._post(
    ^^^^^^^^^^^^^^^^^
    ...<7 lines>...
    ),
    ^
  File "C:\Users\acer\AppData\Roaming\Python\Python314\site-packages\telegram\_bot.py", line 703, in _post
    return await self._do_post(
           ^^^^^^^^^^^^^^^^^^^^
    ...<6 lines>...
    )
    ^
  File "C:\Users\acer\AppData\Roaming\Python\Python314\site-packages\telegram\ext\_extbot.py", line 369, in _do_post
    return await super()._do_post(
           ^^^^^^^^^^^^^^^^^^^^^^^
    ...<6 lines>...
    )
    ^
  File "C:\Users\acer\AppData\Roaming\Python\Python314\site-packages\telegram\_bot.py", line 732, in _do_post
    result = await request.post(
             ^^^^^^^^^^^^^^^^^^^
    ...<6 lines>...
    )
    ^
  File "C:\Users\acer\AppData\Roaming\Python\Python314\site-packages\telegram\request\_baserequest.py", line 198, in post
    result = await self._request_wrapper(
             ^^^^^^^^^^^^^^^^^^^^^^^^^^^^
    ...<7 lines>...
    )
    ^
  File "C:\Users\acer\AppData\Roaming\Python\Python314\site-packages\telegram\request\_baserequest.py", line 375, in _request_wrapper
    raise exception
telegram.error.Conflict: Conflict: terminated by other getUpdates request; make sure that only one bot instance is running
2026-02-23 13:19:50,867 - httpx - INFO - HTTP Request: POST https://api.telegram.org/bot8101304195:AAGVkMB3EaJqymvt_g21zSI6hJBTz6NSNNE/getUpdates "HTTP/1.1 409 Conflict"
2026-02-23 13:19:50,869 - telegram.ext.Application - ERROR - No error handlers are registered, logging exception.
Traceback (most recent call last):
  File "C:\Users\acer\AppData\Roaming\Python\Python314\site-packages\telegram\ext\_utils\networkloop.py", line 161, in network_retry_loop
    await do_action()
  File "C:\Users\acer\AppData\Roaming\Python\Python314\site-packages\telegram\ext\_utils\networkloop.py", line 154, in do_action
    action_cb_task.result()
    ~~~~~~~~~~~~~~~~~~~~~^^
  File "C:\Users\acer\AppData\Roaming\Python\Python314\site-packages\telegram\ext\_updater.py", line 340, in polling_action_cb
    updates = await self.bot.get_updates(
              ^^^^^^^^^^^^^^^^^^^^^^^^^^^
    ...<3 lines>...
    )
    ^
  File "C:\Users\acer\AppData\Roaming\Python\Python314\site-packages\telegram\ext\_extbot.py", line 671, in get_updates
    updates = await super().get_updates(
              ^^^^^^^^^^^^^^^^^^^^^^^^^^
    ...<9 lines>...
    )
    ^
  File "C:\Users\acer\AppData\Roaming\Python\Python314\site-packages\telegram\_bot.py", line 4860, in get_updates
    await self._post(
    ^^^^^^^^^^^^^^^^^
    ...<7 lines>...
    ),
    ^
  File "C:\Users\acer\AppData\Roaming\Python\Python314\site-packages\telegram\_bot.py", line 703, in _post
    return await self._do_post(
           ^^^^^^^^^^^^^^^^^^^^
    ...<6 lines>...
    )
    ^
  File "C:\Users\acer\AppData\Roaming\Python\Python314\site-packages\telegram\ext\_extbot.py", line 369, in _do_post
    return await super()._do_post(
           ^^^^^^^^^^^^^^^^^^^^^^^
    ...<6 lines>...
    )
    ^
  File "C:\Users\acer\AppData\Roaming\Python\Python314\site-packages\telegram\_bot.py", line 732, in _do_post
    result = await request.post(
             ^^^^^^^^^^^^^^^^^^^
    ...<6 lines>...
    )
    ^
  File "C:\Users\acer\AppData\Roaming\Python\Python314\site-packages\telegram\request\_baserequest.py", line 198, in post
    result = await self._request_wrapper(
             ^^^^^^^^^^^^^^^^^^^^^^^^^^^^
    ...<7 lines>...
    )
    ^
  File "C:\Users\acer\AppData\Roaming\Python\Python314\site-packages\telegram\request\_baserequest.py", line 375, in _request_wrapper
    raise exception
telegram.error.Conflict: Conflict: terminated by other getUpdates request; make sure that only one bot instance is running
2026-02-23 13:19:52,334 - Scheduler - INFO - No hay tickets nuevos en GLPI.
2026-02-23 13:19:58,017 - httpx - INFO - HTTP Request: POST https://api.telegram.org/bot8101304195:AAGVkMB3EaJqymvt_g21zSI6hJBTz6NSNNE/getUpdates "HTTP/1.1 409 Conflict"
2026-02-23 13:19:58,020 - telegram.ext.Application - ERROR - No error handlers are registered, logging exception.
Traceback (most recent call last):
  File "C:\Users\acer\AppData\Roaming\Python\Python314\site-packages\telegram\ext\_utils\networkloop.py", line 161, in network_retry_loop
    await do_action()
  File "C:\Users\acer\AppData\Roaming\Python\Python314\site-packages\telegram\ext\_utils\networkloop.py", line 154, in do_action
    action_cb_task.result()
    ~~~~~~~~~~~~~~~~~~~~~^^
  File "C:\Users\acer\AppData\Roaming\Python\Python314\site-packages\telegram\ext\_updater.py", line 340, in polling_action_cb
    updates = await self.bot.get_updates(
              ^^^^^^^^^^^^^^^^^^^^^^^^^^^
    ...<3 lines>...
    )
    ^
  File "C:\Users\acer\AppData\Roaming\Python\Python314\site-packages\telegram\ext\_extbot.py", line 671, in get_updates
    updates = await super().get_updates(
              ^^^^^^^^^^^^^^^^^^^^^^^^^^
    ...<9 lines>...
    )
    ^
  File "C:\Users\acer\AppData\Roaming\Python\Python314\site-packages\telegram\_bot.py", line 4860, in get_updates
    await self._post(
    ^^^^^^^^^^^^^^^^^
    ...<7 lines>...
    ),
    ^
  File "C:\Users\acer\AppData\Roaming\Python\Python314\site-packages\telegram\_bot.py", line 703, in _post
    return await self._do_post(
           ^^^^^^^^^^^^^^^^^^^^
    ...<6 lines>...
    )
    ^
  File "C:\Users\acer\AppData\Roaming\Python\Python314\site-packages\telegram\ext\_extbot.py", line 369, in _do_post
    return await super()._do_post(
           ^^^^^^^^^^^^^^^^^^^^^^^
    ...<6 lines>...
    )
    ^
  File "C:\Users\acer\AppData\Roaming\Python\Python314\site-packages\telegram\_bot.py", line 732, in _do_post
    result = await request.post(
             ^^^^^^^^^^^^^^^^^^^
    ...<6 lines>...
    )
    ^
  File "C:\Users\acer\AppData\Roaming\Python\Python314\site-packages\telegram\request\_baserequest.py", line 198, in post
    result = await self._request_wrapper(
             ^^^^^^^^^^^^^^^^^^^^^^^^^^^^
    ...<7 lines>...
    )
    ^
  File "C:\Users\acer\AppData\Roaming\Python\Python314\site-packages\telegram\request\_baserequest.py", line 375, in _request_wrapper
    raise exception
telegram.error.Conflict: Conflict: terminated by other getUpdates request; make sure that only one bot instance is running
2026-02-23 13:20:01,239 - Main - INFO - Service stopped by user.
2026-02-25 12:46:21,598 - Main - INFO - Iniciando servicio con config.json...
2026-02-25 12:46:21,659 - LocalDB - INFO - Detectado historial legacy: C:\Users\acer\Desktop\proyectos_intelix\xtiming_automatizacion\timesheet_service\data\processed_tickets.idx. Iniciando migraci√≥n...
2026-02-25 12:46:21,677 - LocalDB - INFO - Migraci√≥n de processed_tickets.idx completada: 8 tickets importados.
2026-02-25 12:46:21,698 - Main - INFO - Modo de ejecuci√≥n √∫nica (--sweep o --sync-week). Omitiendo inicio del bot de Telegram para evitar conflictos.
2026-02-25 12:46:21,699 - Main - INFO - MODO BARRIDO ACTIVADO: Sincronizando y procesando backlog...
2026-02-25 12:46:21,699 - Scheduler - INFO - INICIANDO BARRIDO DE BACKLOG (7 d√≠as)...
2026-02-25 12:46:22,996 - Scheduler - INFO - Ejecutando Sincronizacion de Backlog (7 dias)...
2026-02-25 12:46:23,289 - mysql.connector - INFO - package: mysql.connector.plugins
2026-02-25 12:46:23,290 - mysql.connector - INFO - plugin_name: mysql_native_password
2026-02-25 12:46:23,295 - mysql.connector - INFO - AUTHENTICATION_PLUGIN_CLASS: MySQLNativePasswordAuthPlugin
2026-02-25 12:46:37,946 - Scheduler - INFO - Sincronizacion: Se recuperaron 7 tickets de la semana. Total pendiente: 7
2026-02-25 12:46:40,404 - Scheduler - INFO - Barrido: Procesando 7 tickets detectados.
2026-02-25 12:46:40,404 - Scheduler - INFO - Ejecutando Rutina B (Procesamiento Batch)...
2026-02-25 12:46:40,412 - Scheduler - WARNING - TICKET BLOQUEADO: El ticket 2602170001 (2026-02-18) pertenece a una semana ya cerrada.
2026-02-25 12:46:41,404 - Scheduler - WARNING - TICKET BLOQUEADO: El ticket 2602180242 (2026-02-19) pertenece a una semana ya cerrada.
2026-02-25 12:46:42,454 - Scheduler - WARNING - TICKET BLOQUEADO: El ticket 2602170174 (2026-02-19) pertenece a una semana ya cerrada.
2026-02-25 12:46:43,524 - Scheduler - WARNING - TICKET BLOQUEADO: El ticket 2602190110 (2026-02-20) pertenece a una semana ya cerrada.
2026-02-25 12:46:44,533 - Scheduler - INFO - Se descartaron 4 tickets por reglas de semana cerrada.
2026-02-25 12:46:44,533 - Scheduler - INFO - Se detectaron tickets para 3 dias diferentes.
2026-02-25 12:46:45,580 - WebBot - INFO - Iniciando navegador...
2026-02-25 12:46:47,426 - WebBot - INFO - Iniciando sesi√≥n para usuario oleon@intelix.biz...
2026-02-25 12:46:53,658 - WebBot - INFO - Login exitoso.
2026-02-25 12:46:53,659 - Scheduler - INFO - Procesando dia 2026-02-23 (1 tickets)...
2026-02-25 12:46:53,660 - TimeManager - INFO - PLANIFICANDO JORNADA (2026-02-23): 480 min totales.
2026-02-25 12:46:53,660 - TimeManager - INFO - Fijos (Manuales): 0 min. A distribuir: 480 min entre 1 tickets.
2026-02-25 12:46:53,661 - TimeManager - INFO - Planificaci√≥n finalizada. Jornada termina a las: 23.02.2026 16:30
2026-02-25 12:46:53,662 - WebBot - INFO - Registrando: Diferencia en saldos de conciliaci√≥n 21-02-2026 (1) [23.02.2026 07:30 - 23.02.2026 09:30]
2026-02-25 12:47:12,277 - WebBot - INFO - Cerrando navegador...
2026-02-25 12:47:16,316 - Main - INFO - Service stopped by user.
2026-02-25 12:47:16,344 - asyncio - ERROR - Task was destroyed but it is pending!
task: <Task pending name='Task-21' coro=<Page.click() done, defined at C:\Users\acer\AppData\Roaming\Python\Python314\site-packages\playwright\_impl\_page.py:840> wait_for=<Future pending cb=[Task.task_wakeup()]> cb=[SyncBase._sync.<locals>.<lambda>() at C:\Users\acer\AppData\Roaming\Python\Python314\site-packages\playwright\_impl\_sync_base.py:111, ProtocolCallback.__init__.<locals>.cb() at C:\Users\acer\AppData\Roaming\Python\Python314\site-packages\playwright\_impl\_connection.py:230]>
2026-02-25 12:47:16,392 - asyncio - ERROR - Task was destroyed but it is pending!
task: <Task pending name='Task-22' coro=<Page.close() running at C:\Users\acer\AppData\Roaming\Python\Python314\site-packages\playwright\_impl\_page.py:826> cb=[SyncBase._sync.<locals>.<lambda>() at C:\Users\acer\AppData\Roaming\Python\Python314\site-packages\playwright\_impl\_sync_base.py:111]>
2026-02-25 12:48:39,799 - Main - INFO - Iniciando servicio con config.json...
2026-02-25 12:48:39,809 - TimeManager - INFO - Estado restaurado. Cursor: 2026-02-25 07:30:00, Logueado: 0m
2026-02-25 12:48:39,810 - Main - INFO - Modo de ejecuci√≥n √∫nica (--sweep o --sync-week). Omitiendo inicio del bot de Telegram para evitar conflictos.
2026-02-25 12:48:39,810 - Main - INFO - MODO BARRIDO ACTIVADO: Sincronizando y procesando backlog...
2026-02-25 12:48:39,810 - Scheduler - INFO - INICIANDO BARRIDO DE BACKLOG (7 d√≠as)...
2026-02-25 12:48:40,869 - Scheduler - INFO - Ejecutando Sincronizacion de Backlog (7 dias)...
2026-02-25 12:48:41,025 - mysql.connector - INFO - package: mysql.connector.plugins
2026-02-25 12:48:41,025 - mysql.connector - INFO - plugin_name: mysql_native_password
2026-02-25 12:48:41,027 - mysql.connector - INFO - AUTHENTICATION_PLUGIN_CLASS: MySQLNativePasswordAuthPlugin
2026-02-25 12:48:41,931 - Scheduler - INFO - No se encontraron tickets faltantes en el periodo.
2026-02-25 12:48:41,933 - Scheduler - INFO - Barrido: Procesando 3 tickets detectados.
2026-02-25 12:48:41,933 - Scheduler - INFO - Ejecutando Rutina B (Procesamiento Batch)...
2026-02-25 12:48:41,951 - Scheduler - INFO - Se detectaron tickets para 3 dias diferentes.
2026-02-25 12:48:42,965 - WebBot - INFO - Iniciando navegador...
2026-02-25 12:48:43,642 - WebBot - INFO - Iniciando sesi√≥n para usuario oleon@intelix.biz...
2026-02-25 12:48:44,259 - WebBot - INFO - Cerrando navegador...
2026-02-25 12:57:24,114 - Main - INFO - Service stopped by user.
2026-02-25 12:57:24,144 - asyncio - ERROR - Task was destroyed but it is pending!
task: <Task pending name='Task-7' coro=<Page.goto() done, defined at C:\Users\acer\AppData\Roaming\Python\Python314\site-packages\playwright\_impl\_page.py:545> wait_for=<Future pending cb=[Task.task_wakeup()]> cb=[SyncBase._sync.<locals>.<lambda>() at C:\Users\acer\AppData\Roaming\Python\Python314\site-packages\playwright\_impl\_sync_base.py:111, ProtocolCallback.__init__.<locals>.cb() at C:\Users\acer\AppData\Roaming\Python\Python314\site-packages\playwright\_impl\_connection.py:230]>
2026-02-25 12:57:24,151 - asyncio - ERROR - Task was destroyed but it is pending!
task: <Task pending name='Task-8' coro=<Page.close() running at C:\Users\acer\AppData\Roaming\Python\Python314\site-packages\playwright\_impl\_page.py:826> cb=[SyncBase._sync.<locals>.<lambda>() at C:\Users\acer\AppData\Roaming\Python\Python314\site-packages\playwright\_impl\_sync_base.py:111]>
